<?xml version="1.0" encoding="UTF-8"?>
<testng-results skipped="0" failed="0" ignored="0" total="1" passed="1">
  <reporter-output>
  </reporter-output>
  <suite name="Suite" duration-ms="9499" started-at="2021-11-24T19:15:34 IST" finished-at="2021-11-24T19:15:44 IST">
    <groups>
      <group name="cucumber">
        <method signature="AbstractTestNGCucumberTests.runScenario(io.cucumber.testng.PickleWrapper,io.cucumber.testng.FeatureWrapper)[pri:0, instance:Runner.runner@86be70a]" name="runScenario" class="io.cucumber.testng.AbstractTestNGCucumberTests"/>
      </group> <!-- cucumber -->
    </groups>
    <test name="runner" duration-ms="9499" started-at="2021-11-24T19:15:34 IST" finished-at="2021-11-24T19:15:44 IST">
      <class name="Runner.runner">
        <test-method status="PASS" signature="setUpClass()[pri:0, instance:Runner.runner@86be70a]" name="setUpClass" is-config="true" duration-ms="306" started-at="2021-11-24T19:15:34 IST" finished-at="2021-11-24T19:15:35 IST">
          <reporter-output>
          </reporter-output>
        </test-method> <!-- setUpClass -->
        <test-method status="PASS" signature="runScenario(io.cucumber.testng.PickleWrapper,io.cucumber.testng.FeatureWrapper)[pri:0, instance:Runner.runner@86be70a]" name="runScenario" duration-ms="9131" started-at="2021-11-24T19:15:35 IST" description="Runs Cucumber Scenarios" data-provider="scenarios" finished-at="2021-11-24T19:15:44 IST">
          <params>
            <param index="0">
              <value>
                <![CDATA["Login with valid crendiatals"]]>
              </value>
            </param>
            <param index="1">
              <value>
                <![CDATA["Optional[login to tutorial ninja application]"]]>
              </value>
            </param>
          </params>
          <reporter-output>
          </reporter-output>
        </test-method> <!-- runScenario -->
        <test-method status="PASS" signature="tearDownClass()[pri:0, instance:Runner.runner@86be70a]" name="tearDownClass" is-config="true" duration-ms="17" started-at="2021-11-24T19:15:44 IST" finished-at="2021-11-24T19:15:44 IST">
          <reporter-output>
          </reporter-output>
        </test-method> <!-- tearDownClass -->
      </class> <!-- Runner.runner -->
    </test> <!-- runner -->
  </suite> <!-- Suite -->
</testng-results>
