<?xml version="1.0" encoding="UTF-8"?>
<testng-results skipped="0" failed="0" ignored="0" total="1" passed="1">
  <reporter-output>
  </reporter-output>
  <suite name="Default suite" duration-ms="9414" started-at="2021-12-05T14:48:28 IST" finished-at="2021-12-05T14:48:38 IST">
    <groups>
    </groups>
    <test name="Default test" duration-ms="9414" started-at="2021-12-05T14:48:28 IST" finished-at="2021-12-05T14:48:38 IST">
      <class name="revoke.datatable">
        <test-method status="PASS" signature="datatable()[pri:0, instance:revoke.datatable@13c27452]" name="datatable" duration-ms="9387" started-at="2021-12-05T14:48:28 IST" finished-at="2021-12-05T14:48:38 IST">
          <reporter-output>
          </reporter-output>
        </test-method> <!-- datatable -->
      </class> <!-- revoke.datatable -->
    </test> <!-- Default test -->
  </suite> <!-- Default suite -->
</testng-results>
